<?xml version="1.0" encoding="UTF-8"?>
<coverage generated="1489528723738" clover="3.2.0">
  <project timestamp="1489528723739" name="All files">
    <metrics statements="7" coveredstatements="0" conditionals="4" coveredconditionals="0" methods="2" coveredmethods="0" elements="13" coveredelements="0" complexity="0" loc="7" ncloc="7" packages="1" files="2" classes="2">
      <file name="index.js" path="/home/szymon/projects/react-boilerplate/src/index.js">
        <metrics statements="6" coveredstatements="0" conditionals="4" coveredconditionals="0" methods="1" coveredmethods="0"/>
        <line num="1" count="0" type="stmt"/>
        <line num="2" count="0" type="stmt"/>
        <line num="4" count="0" type="stmt"/>
        <line num="5" count="0" type="stmt"/>
        <line num="7" count="0" type="stmt"/>
        <line num="9" count="0" type="stmt"/>
      </file>
      <file name="utils.js" path="/home/szymon/projects/react-boilerplate/src/utils.js">
        <metrics statements="1" coveredstatements="0" conditionals="0" coveredconditionals="0" methods="1" coveredmethods="0"/>
        <line num="3" count="0" type="stmt"/>
      </file>
    </metrics>
  </project>
</coverage>
