{"/home/szymon/projects/react-boilerplate/src/index.js": {"path":"/home/szymon/projects/react-boilerplate/src/index.js","statementMap":{"0":{"start":{"line":1,"column":26},"end":{"line":1,"column":42}},"1":{"start":{"line":1,"column":57},"end":{"line":1,"column":87}},"2":{"start":{"line":2,"column":16},"end":{"line":2,"column":36}},"3":{"start":{"line":2,"column":54},"end":{"line":2,"column":87}},"4":{"start":{"line":4,"column":13},"end":{"line":4,"column":31}},"5":{"start":{"line":4,"column":46},"end":{"line":4,"column":76}},"6":{"start":{"line":5,"column":0},"end":{"line":5,"column":24}},"7":{"start":{"line":5,"column":62},"end":{"line":5,"column":116}},"8":{"start":{"line":7,"column":8},"end":{"line":7,"column":29}},"9":{"start":{"line":9,"column":0},"end":{"line":11,"column":32}}},"fnMap":{"0":{"name":"_interopRequireDefault","decl":{"start":{"line":5,"column":33},"end":{"line":5,"column":55}},"loc":{"start":{"line":5,"column":61},"end":{"line":5,"column":117}}}},"branchMap":{"0":{"loc":{"start":{"line":5,"column":69},"end":{"line":5,"column":115}},"type":"cond-expr","locations":[{"start":{"line":5,"column":93},"end":{"line":5,"column":96}},{"start":{"line":5,"column":99},"end":{"line":5,"column":115}}]},"1":{"loc":{"start":{"line":5,"column":69},"end":{"line":5,"column":90}},"type":"binary-expr","locations":[{"start":{"line":5,"column":69},"end":{"line":5,"column":72}},{"start":{"line":5,"column":76},"end":{"line":5,"column":90}}]}},"s":{"0":0,"1":0,"2":0,"3":0,"4":0,"5":0,"6":0,"7":0,"8":0,"9":0},"f":{"0":0},"b":{"0":[0,0],"1":[0,0]}}
,"/home/szymon/projects/react-boilerplate/src/utils.js": {"path":"/home/szymon/projects/react-boilerplate/src/utils.js","statementMap":{"0":{"start":{"line":3,"column":2},"end":{"line":3,"column":25}}},"fnMap":{"0":{"name":"(anonymous_0)","decl":{"start":{"line":2,"column":1},"end":{"line":2,"column":2}},"loc":{"start":{"line":2,"column":11},"end":{"line":4,"column":2}}}},"branchMap":{},"s":{"0":0},"f":{"0":0},"b":{},"_coverageSchema":"332fd63041d2c1bcb487cc26dd0d5f7d97098a6c","hash":"510fddc14cbedeee278f79658d233cba8b20e110"}
}
